*** Starting uWSGI 2.0.19.1 (64bit) on [Sun Sep  6 23:22:25 2020] ***
compiled with version: 9.2.1 20191008 on 29 July 2020 09:40:16
os: Linux-5.3.0-64-generic #58-Ubuntu SMP Fri Jul 10 19:33:51 UTC 2020
nodename: ding
machine: x86_64
clock source: unix
detected number of CPU cores: 4
current working directory: /home/dc/Desktop/Blog
writing pidfile to uwsgi.pid
detected binary path: /home/dc/.virtualenvs/GP1/bin/uwsgi
!!! no internal routing support, rebuild with pcre support !!!
chdir() to /home/dc/Desktop/Blog
your processes number limit is 15418
your memory page size is 4096 bytes
detected max file descriptor number: 1048576
lock engine: pthread robust mutexes
thunder lock: disabled (you can enable it with --thunder-lock)
uWSGI http bound on 0.0.0.0:8888 fd 4
uwsgi socket 0 bound to TCP address 127.0.0.1:37091 (port auto-assigned) fd 3
Python version: 3.7.5 (default, Apr 19 2020, 20:18:17)  [GCC 9.2.1 20191008]
Python main interpreter initialized at 0x563a1e9f6090
python threads support enabled
your server socket listen backlog is limited to 100 connections
your mercy for graceful operations on workers is 60 seconds
mapped 416880 bytes (407 KB) for 8 cores
*** Operational MODE: preforking+threaded ***
WSGI app 0 (mountpoint='') ready in 1 seconds on interpreter 0x563a1e9f6090 pid: 12012 (default app)
*** uWSGI is running in multiple interpreter mode ***
spawned uWSGI master process (pid: 12012)
spawned uWSGI worker 1 (pid: 12014, cores: 2)
spawned uWSGI worker 2 (pid: 12016, cores: 2)
spawned uWSGI worker 3 (pid: 12018, cores: 2)
spawned uWSGI worker 4 (pid: 12020, cores: 2)
spawned uWSGI http 1 (pid: 12022)
[pid: 12018|app: 0|req: 1/1] 127.0.0.1 () {46 vars in 891 bytes} [Sun Sep  6 23:25:03 2020] GET / => generated 3980 bytes in 158 msecs (HTTP/1.1 200) 5 headers in 151 bytes (1 switches on core 0)
[pid: 12018|app: 0|req: 2/2] 127.0.0.1 () {44 vars in 804 bytes} [Sun Sep  6 23:25:03 2020] GET /static/css/base.css => generated 179 bytes in 2 msecs (HTTP/1.1 404) 4 headers in 128 bytes (1 switches on core 1)
[pid: 12016|app: 0|req: 1/3] 127.0.0.1 () {44 vars in 795 bytes} [Sun Sep  6 23:25:03 2020] GET /static/js/modernizr.js => generated 179 bytes in 109 msecs (HTTP/1.1 404) 4 headers in 128 bytes (1 switches on core 0)
[pid: 12014|app: 0|req: 2/4] 127.0.0.1 () {44 vars in 805 bytes} [Sun Sep  6 23:25:03 2020] GET /static/css/index.css => generated 179 bytes in 128 msecs (HTTP/1.1 404) 4 headers in 128 bytes (1 switches on core 0)
[pid: 12014|app: 0|req: 2/5] 127.0.0.1 () {44 vars in 801 bytes} [Sun Sep  6 23:25:03 2020] GET /static/js/scrollReveal.js => generated 179 bytes in 128 msecs (HTTP/1.1 404) 4 headers in 128 bytes (1 switches on core 1)
[pid: 12016|app: 0|req: 2/6] 127.0.0.1 () {44 vars in 830 bytes} [Sun Sep  6 23:25:03 2020] GET /static/images/logo.png => generated 179 bytes in 1 msecs (HTTP/1.1 404) 4 headers in 128 bytes (1 switches on core 1)
[pid: 12020|app: 0|req: 1/7] 127.0.0.1 () {44 vars in 924 bytes} [Sun Sep  6 23:25:03 2020] GET /media/uploads/article/2020/08/31/cd704bc254ee6191333d9a2e1abd7549.jpg => generated 31817 bytes in 112 msecs via sendfile() (HTTP/1.1 200) 6 headers in 248 bytes (0 switches on core 0)
[pid: 12018|app: 0|req: 3/8] 127.0.0.1 () {44 vars in 808 bytes} [Sun Sep  6 23:25:03 2020] GET /favicon.ico => generated 179 bytes in 1 msecs (HTTP/1.1 404) 4 headers in 128 bytes (1 switches on core 1)
SIGINT/SIGQUIT received...killing workers...
gateway "uWSGI http 1" has been buried (pid: 12022)
worker 1 buried after 1 seconds
worker 2 buried after 1 seconds
worker 3 buried after 1 seconds
worker 4 buried after 1 seconds
goodbye to uWSGI.
*** Starting uWSGI 2.0.19.1 (64bit) on [Sun Sep  6 23:38:47 2020] ***
compiled with version: 9.2.1 20191008 on 29 July 2020 09:40:16
os: Linux-5.3.0-64-generic #58-Ubuntu SMP Fri Jul 10 19:33:51 UTC 2020
nodename: ding
machine: x86_64
clock source: unix
detected number of CPU cores: 4
current working directory: /home/dc/Desktop/Blog
writing pidfile to uwsgi.pid
detected binary path: /home/dc/.virtualenvs/GP1/bin/uwsgi
!!! no internal routing support, rebuild with pcre support !!!
chdir() to /home/dc/Desktop/Blog
your processes number limit is 15418
your memory page size is 4096 bytes
detected max file descriptor number: 1048576
lock engine: pthread robust mutexes
thunder lock: disabled (you can enable it with --thunder-lock)
uwsgi socket 0 bound to TCP address 0.0.0.0:8888 fd 3
Python version: 3.7.5 (default, Apr 19 2020, 20:18:17)  [GCC 9.2.1 20191008]
Python main interpreter initialized at 0x56502fff9f90
python threads support enabled
your server socket listen backlog is limited to 100 connections
your mercy for graceful operations on workers is 60 seconds
mapped 416880 bytes (407 KB) for 8 cores
*** Operational MODE: preforking+threaded ***
WSGI app 0 (mountpoint='') ready in 0 seconds on interpreter 0x56502fff9f90 pid: 12458 (default app)
*** uWSGI is running in multiple interpreter mode ***
spawned uWSGI master process (pid: 12458)
spawned uWSGI worker 1 (pid: 12459, cores: 2)
spawned uWSGI worker 2 (pid: 12461, cores: 2)
spawned uWSGI worker 3 (pid: 12463, cores: 2)
spawned uWSGI worker 4 (pid: 12465, cores: 2)
invalid request block size: 21573 (max 4096)...skip
invalid request block size: 21573 (max 4096)...skip
invalid request block size: 21573 (max 4096)...skip
invalid request block size: 21573 (max 4096)...skip
invalid request block size: 21573 (max 4096)...skip
invalid request block size: 21573 (max 4096)...skip
SIGINT/SIGQUIT received...killing workers...
worker 1 buried after 1 seconds
worker 2 buried after 1 seconds
worker 3 buried after 1 seconds
worker 4 buried after 1 seconds
goodbye to uWSGI.
*** Starting uWSGI 2.0.19.1 (64bit) on [Sun Sep  6 23:43:22 2020] ***
compiled with version: 9.2.1 20191008 on 29 July 2020 09:40:16
os: Linux-5.3.0-64-generic #58-Ubuntu SMP Fri Jul 10 19:33:51 UTC 2020
nodename: ding
machine: x86_64
clock source: unix
detected number of CPU cores: 4
current working directory: /home/dc/Desktop/Blog
writing pidfile to uwsgi.pid
detected binary path: /home/dc/.virtualenvs/GP1/bin/uwsgi
!!! no internal routing support, rebuild with pcre support !!!
chdir() to /home/dc/Desktop/Blog
your processes number limit is 15418
your memory page size is 4096 bytes
detected max file descriptor number: 1048576
lock engine: pthread robust mutexes
thunder lock: disabled (you can enable it with --thunder-lock)
uwsgi socket 0 bound to TCP address 0.0.0.0:8888 fd 3
Python version: 3.7.5 (default, Apr 19 2020, 20:18:17)  [GCC 9.2.1 20191008]
Python main interpreter initialized at 0x55f85f7eef90
python threads support enabled
your server socket listen backlog is limited to 100 connections
your mercy for graceful operations on workers is 60 seconds
mapped 416880 bytes (407 KB) for 8 cores
*** Operational MODE: preforking+threaded ***
WSGI app 0 (mountpoint='') ready in 1 seconds on interpreter 0x55f85f7eef90 pid: 12648 (default app)
*** uWSGI is running in multiple interpreter mode ***
spawned uWSGI master process (pid: 12648)
spawned uWSGI worker 1 (pid: 12655, cores: 2)
spawned uWSGI worker 2 (pid: 12657, cores: 2)
spawned uWSGI worker 3 (pid: 12659, cores: 2)
spawned uWSGI worker 4 (pid: 12661, cores: 2)
invalid request block size: 21573 (max 4096)...skip
invalid request block size: 21573 (max 4096)...skip
invalid request block size: 21573 (max 4096)...skip
invalid request block size: 21573 (max 4096)...skip
invalid request block size: 21573 (max 4096)...skip
invalid request block size: 21573 (max 4096)...skip
invalid request block size: 21573 (max 4096)...skip
invalid request block size: 21573 (max 4096)...skip
invalid request block size: 21573 (max 4096)...skip
invalid request block size: 21573 (max 4096)...skip
invalid request block size: 21573 (max 4096)...skip
invalid request block size: 21573 (max 4096)...skip
SIGINT/SIGQUIT received...killing workers...
worker 1 buried after 1 seconds
worker 2 buried after 1 seconds
worker 3 buried after 1 seconds
worker 4 buried after 1 seconds
goodbye to uWSGI.
*** Starting uWSGI 2.0.19.1 (64bit) on [Sun Sep  6 23:56:53 2020] ***
compiled with version: 9.2.1 20191008 on 29 July 2020 09:40:16
os: Linux-5.3.0-64-generic #58-Ubuntu SMP Fri Jul 10 19:33:51 UTC 2020
nodename: ding
machine: x86_64
clock source: unix
detected number of CPU cores: 4
current working directory: /home/dc/Desktop/Blog
writing pidfile to uwsgi.pid
detected binary path: /home/dc/.virtualenvs/GP1/bin/uwsgi
!!! no internal routing support, rebuild with pcre support !!!
chdir() to /home/dc/Desktop/Blog
your processes number limit is 15418
your memory page size is 4096 bytes
detected max file descriptor number: 1048576
lock engine: pthread robust mutexes
thunder lock: disabled (you can enable it with --thunder-lock)
uwsgi socket 0 bound to TCP address 0.0.0.0:8888 fd 3
Python version: 3.7.5 (default, Apr 19 2020, 20:18:17)  [GCC 9.2.1 20191008]
Python main interpreter initialized at 0x5616741d4f90
python threads support enabled
your server socket listen backlog is limited to 100 connections
your mercy for graceful operations on workers is 60 seconds
mapped 416880 bytes (407 KB) for 8 cores
*** Operational MODE: preforking+threaded ***
WSGI app 0 (mountpoint='') ready in 0 seconds on interpreter 0x5616741d4f90 pid: 13426 (default app)
*** uWSGI is running in multiple interpreter mode ***
spawned uWSGI master process (pid: 13426)
spawned uWSGI worker 1 (pid: 13427, cores: 2)
spawned uWSGI worker 2 (pid: 13429, cores: 2)
spawned uWSGI worker 3 (pid: 13431, cores: 2)
spawned uWSGI worker 4 (pid: 13433, cores: 2)
invalid request block size: 21573 (max 4096)...skip
invalid request block size: 21573 (max 4096)...skip
invalid request block size: 21573 (max 4096)...skip
SIGINT/SIGQUIT received...killing workers...
worker 1 buried after 1 seconds
worker 2 buried after 1 seconds
worker 3 buried after 1 seconds
worker 4 buried after 1 seconds
goodbye to uWSGI.
*** Starting uWSGI 2.0.19.1 (64bit) on [Mon Sep  7 00:13:17 2020] ***
compiled with version: 9.2.1 20191008 on 29 July 2020 09:40:16
os: Linux-5.3.0-64-generic #58-Ubuntu SMP Fri Jul 10 19:33:51 UTC 2020
nodename: ding
machine: x86_64
clock source: unix
detected number of CPU cores: 4
current working directory: /home/dc/Desktop/Blog
writing pidfile to uwsgi.pid
detected binary path: /home/dc/.virtualenvs/GP1/bin/uwsgi
!!! no internal routing support, rebuild with pcre support !!!
chdir() to /home/dc/Desktop/Blog
your processes number limit is 15418
your memory page size is 4096 bytes
detected max file descriptor number: 1048576
lock engine: pthread robust mutexes
thunder lock: disabled (you can enable it with --thunder-lock)
uwsgi socket 0 bound to TCP address 0.0.0.0:8888 fd 3
Python version: 3.7.5 (default, Apr 19 2020, 20:18:17)  [GCC 9.2.1 20191008]
Python main interpreter initialized at 0x55f2a06e4f90
python threads support enabled
your server socket listen backlog is limited to 100 connections
your mercy for graceful operations on workers is 60 seconds
mapped 416880 bytes (407 KB) for 8 cores
*** Operational MODE: preforking+threaded ***
WSGI app 0 (mountpoint='') ready in 1 seconds on interpreter 0x55f2a06e4f90 pid: 14577 (default app)
*** uWSGI is running in multiple interpreter mode ***
spawned uWSGI master process (pid: 14577)
spawned uWSGI worker 1 (pid: 14578, cores: 2)
spawned uWSGI worker 2 (pid: 14580, cores: 2)
spawned uWSGI worker 3 (pid: 14582, cores: 2)
spawned uWSGI worker 4 (pid: 14584, cores: 2)
[pid: 14584|app: 0|req: 1/1] 127.0.0.1 () {48 vars in 861 bytes} [Mon Sep  7 00:13:29 2020] GET /favicon.ico => generated 179 bytes in 96 msecs (HTTP/1.1 404) 4 headers in 128 bytes (1 switches on core 0)
[pid: 14582|app: 0|req: 1/2] 127.0.0.1 () {50 vars in 958 bytes} [Mon Sep  7 00:14:14 2020] GET /index => generated 179 bytes in 95 msecs (HTTP/1.1 404) 4 headers in 128 bytes (1 switches on core 0)
[pid: 14578|app: 0|req: 1/3] 127.0.0.1 () {56 vars in 1070 bytes} [Mon Sep  7 00:19:21 2020] GET / => generated 3980 bytes in 121 msecs (HTTP/1.1 200) 5 headers in 151 bytes (1 switches on core 0)
[pid: 14578|app: 0|req: 2/4] 127.0.0.1 () {48 vars in 977 bytes} [Mon Sep  7 00:19:21 2020] GET /media/uploads/article/2020/08/31/cd704bc254ee6191333d9a2e1abd7549.jpg => generated 31817 bytes in 1 msecs via sendfile() (HTTP/1.1 200) 6 headers in 248 bytes (0 switches on core 1)
[pid: 14578|app: 0|req: 3/5] 127.0.0.1 () {52 vars in 1014 bytes} [Mon Sep  7 00:19:53 2020] GET /article/about => generated 1971 bytes in 6 msecs (HTTP/1.1 200) 5 headers in 151 bytes (1 switches on core 0)
[pid: 14580|app: 0|req: 1/6] 127.0.0.1 () {52 vars in 1023 bytes} [Mon Sep  7 00:19:55 2020] GET /user/center => generated 3646 bytes in 126 msecs (HTTP/1.1 200) 6 headers in 319 bytes (1 switches on core 0)
[pid: 14580|app: 0|req: 2/7] 127.0.0.1 () {48 vars in 862 bytes} [Mon Sep  7 00:19:55 2020] GET /media/ => generated 179 bytes in 2 msecs (HTTP/1.1 404) 4 headers in 128 bytes (1 switches on core 1)
[pid: 14584|app: 0|req: 2/8] 127.0.0.1 () {52 vars in 1025 bytes} [Mon Sep  7 00:19:58 2020] GET /article/write => generated 4616 bytes in 39 msecs (HTTP/1.1 200) 6 headers in 319 bytes (1 switches on core 1)
[pid: 14582|app: 0|req: 2/9] 127.0.0.1 () {52 vars in 1001 bytes} [Mon Sep  7 00:20:01 2020] GET / => generated 3980 bytes in 31 msecs (HTTP/1.1 200) 5 headers in 151 bytes (1 switches on core 1)
./article/views.py:48: UnorderedObjectListWarning: Pagination may yield inconsistent results with an unordered object_list: <class 'article.models.Article'> QuerySet.
  paginator = Paginator(articles, 3)  # Paginator(对象列表，每页几条记录)
1
1
range(1, 2)
1
---> 1 1
[pid: 14582|app: 0|req: 3/10] 127.0.0.1 () {52 vars in 1012 bytes} [Mon Sep  7 00:20:03 2020] GET /article/show => generated 3986 bytes in 17 msecs (HTTP/1.1 200) 5 headers in 151 bytes (1 switches on core 0)
[pid: 14580|app: 0|req: 3/11] 127.0.0.1 () {52 vars in 1037 bytes} [Mon Sep  7 00:20:05 2020] GET /article/detail?id=1 => generated 7049 bytes in 41 msecs (HTTP/1.1 200) 5 headers in 151 bytes (1 switches on core 0)
*** Starting uWSGI 2.0.19.1 (64bit) on [Mon Sep  7 11:23:55 2020] ***
compiled with version: 9.2.1 20191008 on 29 July 2020 09:40:16
os: Linux-5.3.0-64-generic #58-Ubuntu SMP Fri Jul 10 19:33:51 UTC 2020
nodename: ding
machine: x86_64
clock source: unix
detected number of CPU cores: 4
current working directory: /home/dc/Desktop/Blog
writing pidfile to uwsgi.pid
detected binary path: /home/dc/.virtualenvs/GP1/bin/uwsgi
!!! no internal routing support, rebuild with pcre support !!!
chdir() to /home/dc/Desktop/Blog
your processes number limit is 15418
your memory page size is 4096 bytes
detected max file descriptor number: 1048576
lock engine: pthread robust mutexes
thunder lock: disabled (you can enable it with --thunder-lock)
uwsgi socket 0 bound to TCP address 0.0.0.0:8888 fd 3
Python version: 3.7.5 (default, Apr 19 2020, 20:18:17)  [GCC 9.2.1 20191008]
Python main interpreter initialized at 0x559839d3fda0
python threads support enabled
your server socket listen backlog is limited to 100 connections
your mercy for graceful operations on workers is 60 seconds
mapped 416880 bytes (407 KB) for 8 cores
*** Operational MODE: preforking+threaded ***
WSGI app 0 (mountpoint='') ready in 0 seconds on interpreter 0x559839d3fda0 pid: 4595 (default app)
*** uWSGI is running in multiple interpreter mode ***
spawned uWSGI master process (pid: 4595)
spawned uWSGI worker 1 (pid: 4597, cores: 2)
spawned uWSGI worker 2 (pid: 4598, cores: 2)
spawned uWSGI worker 3 (pid: 4600, cores: 2)
spawned uWSGI worker 4 (pid: 4602, cores: 2)
[pid: 4602|app: 0|req: 1/1] 127.0.0.1 () {50 vars in 948 bytes} [Mon Sep  7 11:24:13 2020] GET / => generated 3980 bytes in 226 msecs (HTTP/1.1 200) 5 headers in 151 bytes (1 switches on core 0)
[pid: 4602|app: 0|req: 2/2] 127.0.0.1 () {48 vars in 861 bytes} [Mon Sep  7 11:24:13 2020] GET /favicon.ico => generated 179 bytes in 2 msecs (HTTP/1.1 404) 4 headers in 128 bytes (1 switches on core 1)
[pid: 4597|app: 0|req: 1/3] 127.0.0.1 () {52 vars in 979 bytes} [Mon Sep  7 11:24:57 2020] GET / => generated 3980 bytes in 119 msecs (HTTP/1.1 200) 5 headers in 151 bytes (1 switches on core 0)
[pid: 4602|app: 0|req: 3/4] 127.0.0.1 () {52 vars in 979 bytes} [Mon Sep  7 11:25:04 2020] GET / => generated 3980 bytes in 9 msecs (HTTP/1.1 200) 5 headers in 151 bytes (1 switches on core 0)
[pid: 4602|app: 0|req: 4/5] 127.0.0.1 () {50 vars in 948 bytes} [Mon Sep  7 11:25:18 2020] GET / => generated 3980 bytes in 9 msecs (HTTP/1.1 200) 5 headers in 151 bytes (1 switches on core 1)
[pid: 4600|app: 0|req: 1/6] 127.0.0.1 () {48 vars in 861 bytes} [Mon Sep  7 11:25:18 2020] GET /favicon.ico => generated 179 bytes in 106 msecs (HTTP/1.1 404) 4 headers in 128 bytes (1 switches on core 0)
[pid: 4602|app: 0|req: 5/7] 127.0.0.1 () {50 vars in 948 bytes} [Mon Sep  7 11:25:28 2020] GET / => generated 3980 bytes in 8 msecs (HTTP/1.1 200) 5 headers in 151 bytes (1 switches on core 0)
[pid: 4602|app: 0|req: 6/8] 127.0.0.1 () {52 vars in 979 bytes} [Mon Sep  7 11:25:58 2020] GET / => generated 3980 bytes in 8 msecs (HTTP/1.1 200) 5 headers in 151 bytes (1 switches on core 1)
[pid: 4602|app: 0|req: 7/9] 127.0.0.1 () {50 vars in 948 bytes} [Mon Sep  7 11:26:06 2020] GET / => generated 3980 bytes in 8 msecs (HTTP/1.1 200) 5 headers in 151 bytes (1 switches on core 0)
[pid: 4602|app: 0|req: 8/10] 127.0.0.1 () {48 vars in 861 bytes} [Mon Sep  7 11:26:06 2020] GET /favicon.ico => generated 179 bytes in 1 msecs (HTTP/1.1 404) 4 headers in 128 bytes (1 switches on core 1)
SIGINT/SIGQUIT received...killing workers...
worker 1 buried after 1 seconds
worker 2 buried after 1 seconds
worker 3 buried after 1 seconds
worker 4 buried after 1 seconds
goodbye to uWSGI.
